<?xml version="1.0" encoding="UTF-8"?>
<!-- Generated by org.testng.reporters.JUnitReportReporter -->
<testsuite hostname="DESKTOP-8GL432P" failures="0" tests="1" name="com.First.googleTest" time="39.843" errors="0" timestamp="2022-12-29T11:43:46 IST" skipped="0">
  <testcase classname="com.First.googleTest" name="homePageCheck" time="39.843"/>
  <system-out/>
</testsuite> <!-- com.First.googleTest -->
