<?xml version="1.0" encoding="UTF-8"?>
<!-- Generated by org.testng.reporters.JUnitReportReporter -->
<testsuite hostname="DESKTOP-8GL432P" failures="0" tests="1" name="com.First.fireFox" time="84.468" errors="0" timestamp="2022-12-29T11:43:46 IST" skipped="0">
  <testcase classname="com.First.fireFox" name="homePageCheckUp" time="84.468"/>
  <system-out/>
</testsuite> <!-- com.First.fireFox -->
